INFO:root:captured pos literal: [A]b
INFO:root:captured literal: [L][A]b
INFO:root:captured head formula: {'operator': 0, 'inputTerms': [[E][L][A]b]}
INFO:root:captured pos literal: [A]a
INFO:root:captured literal: [L][A]a
INFO:root:captured ext literal: [E][L][A]a
INFO:root:captured pos literal: [A]b
INFO:root:captured literal: [L][A]b
INFO:root:captured ext literal: [E][L][A]b
INFO:root:captured (ext literal list) formula list: [<proplanguage.Formula instance at 0x02B22EB8>]
INFO:root:captured (ext literal list) formula list: [<proplanguage.Formula instance at 0x02B22F08>, <proplanguage.Formula instance at 0x02B22EB8>]
INFO:root:captured body formula: {'operator': 1, 'inputFormulas': [{'operator': 0, 'inputTerms': [[E][L][A]a]}, {'operator': 0, 'inputTerms': [[E][L][A]b]}]}
INFO:root:captured normal rule: {'operator': 0, 'inputTerms': [[E][L][A]b]}:-{'operator': 1, 'inputFormulas': [{'operator': 0, 'inputTerms': [[E][L][A]a]}, {'operator': 0, 'inputTerms': [[E][L][A]b]}]}
INFO:root:captured asp rule: {'body': {'operator': 1, 'inputFormulas': [{'operator': 0, 'inputTerms': [[E][L][A]a]}, {'operator': 0, 'inputTerms': [[E][L][A]b]}]}, 'head': {'operator': 0, 'inputTerms': [[E][L][A]b]}}
INFO:root:captured pos literal: [A]c
INFO:root:captured literal: [L][A]c
INFO:root:captured head formula: {'operator': 0, 'inputTerms': [[E][L][A]c]}
INFO:root:captured pos literal: [A]a
INFO:root:captured literal: [L][A]a
INFO:root:captured ext literal: [E][L][A]a
INFO:root:captured (ext literal list) formula list: [<proplanguage.Formula instance at 0x02B66148>]
INFO:root:captured body formula: {'operator': 1, 'inputFormulas': [{'operator': 0, 'inputTerms': [[E][L][A]a]}]}
INFO:root:captured normal rule: {'operator': 0, 'inputTerms': [[E][L][A]c]}:-{'operator': 1, 'inputFormulas': [{'operator': 0, 'inputTerms': [[E][L][A]a]}]}
INFO:root:captured asp rule: {'body': {'operator': 1, 'inputFormulas': [{'operator': 0, 'inputTerms': [[E][L][A]a]}]}, 'head': {'operator': 0, 'inputTerms': [[E][L][A]c]}}
